c:\users\jreed\onedrive\рабочий стол\college\sem5\physics\physicsthree22startingcode\componentframework\debug\vc143.pdb
c:\users\jreed\onedrive\рабочий стол\college\sem5\physics\physicsthree22startingcode\componentframework\debug\vc143.idb
c:\users\jreed\onedrive\рабочий стол\college\sem5\physics\physicsthree22startingcode\componentframework\debug\transformcomponent.obj
c:\users\jreed\onedrive\рабочий стол\college\sem5\physics\physicsthree22startingcode\componentframework\debug\tinyxml2.obj
c:\users\jreed\onedrive\рабочий стол\college\sem5\physics\physicsthree22startingcode\componentframework\debug\timer.obj
c:\users\jreed\onedrive\рабочий стол\college\sem5\physics\physicsthree22startingcode\componentframework\debug\sphere.obj
c:\users\jreed\onedrive\рабочий стол\college\sem5\physics\physicsthree22startingcode\componentframework\debug\shape.obj
c:\users\jreed\onedrive\рабочий стол\college\sem5\physics\physicsthree22startingcode\componentframework\debug\shadercomponent.obj
c:\users\jreed\onedrive\рабочий стол\college\sem5\physics\physicsthree22startingcode\componentframework\debug\mmath.obj
c:\users\jreed\onedrive\рабочий стол\college\sem5\physics\physicsthree22startingcode\componentframework\debug\main.obj
c:\users\jreed\onedrive\рабочий стол\college\sem5\physics\physicsthree22startingcode\componentframework\debug\scenemanager.obj
c:\users\jreed\onedrive\рабочий стол\college\sem5\physics\physicsthree22startingcode\componentframework\debug\qmath.obj
c:\users\jreed\onedrive\рабочий стол\college\sem5\physics\physicsthree22startingcode\componentframework\debug\meshcomponent.obj
c:\users\jreed\onedrive\рабочий стол\college\sem5\physics\physicsthree22startingcode\componentframework\debug\materialcomponent.obj
c:\users\jreed\onedrive\рабочий стол\college\sem5\physics\physicsthree22startingcode\componentframework\debug\lightactor.obj
c:\users\jreed\onedrive\рабочий стол\college\sem5\physics\physicsthree22startingcode\componentframework\debug\emath.obj
c:\users\jreed\onedrive\рабочий стол\college\sem5\physics\physicsthree22startingcode\componentframework\debug\debug.obj
c:\users\jreed\onedrive\рабочий стол\college\sem5\physics\physicsthree22startingcode\componentframework\debug\cylinder.obj
c:\users\jreed\onedrive\рабочий стол\college\sem5\physics\physicsthree22startingcode\componentframework\debug\cameraactor.obj
c:\users\jreed\onedrive\рабочий стол\college\sem5\physics\physicsthree22startingcode\componentframework\debug\actor.obj
c:\users\jreed\onedrive\рабочий стол\college\sem5\physics\physicsthree22startingcode\componentframework\debug\window.obj
c:\users\jreed\onedrive\рабочий стол\college\sem5\physics\physicsthree22startingcode\componentframework\debug\vmath.obj
c:\users\jreed\onedrive\рабочий стол\college\sem5\physics\physicsthree22startingcode\componentframework\debug\shapecomponent.obj
c:\users\jreed\onedrive\рабочий стол\college\sem5\physics\physicsthree22startingcode\componentframework\debug\scene0.obj
c:\users\jreed\onedrive\рабочий стол\college\sem5\physics\physicsthree22startingcode\componentframework\debug\xmlassetmanager.obj
c:\users\jreed\onedrive\рабочий стол\college\sem5\physics\physicsthree22startingcode\componentframework\debug\componentframework.ilk
c:\users\jreed\onedrive\рабочий стол\college\sem5\physics\physicsthree22startingcode\debug\componentframework.exe
c:\users\jreed\onedrive\рабочий стол\college\sem5\physics\physicsthree22startingcode\debug\componentframework.pdb
c:\users\jreed\onedrive\рабочий стол\college\sem5\physics\physicsthree22startingcode\componentframework\debug\componen.614c2865.tlog\cl.command.1.tlog
c:\users\jreed\onedrive\рабочий стол\college\sem5\physics\physicsthree22startingcode\componentframework\debug\componen.614c2865.tlog\cl.read.1.tlog
c:\users\jreed\onedrive\рабочий стол\college\sem5\physics\physicsthree22startingcode\componentframework\debug\componen.614c2865.tlog\cl.write.1.tlog
c:\users\jreed\onedrive\рабочий стол\college\sem5\physics\physicsthree22startingcode\componentframework\debug\componen.614c2865.tlog\link.command.1.tlog
c:\users\jreed\onedrive\рабочий стол\college\sem5\physics\physicsthree22startingcode\componentframework\debug\componen.614c2865.tlog\link.read.1.tlog
c:\users\jreed\onedrive\рабочий стол\college\sem5\physics\physicsthree22startingcode\componentframework\debug\componen.614c2865.tlog\link.write.1.tlog
