  Scene2.cpp
C:\Users\jreed\OneDrive\Рабочий стол\College\Sem5\Physics\PhysicsFramework\ComponentFramework\Vector.h(147,27): warning C4566: character represented by universal-character-name '\u0420' cannot be represented in the current code page (1252)
C:\Users\jreed\OneDrive\Рабочий стол\College\Sem5\Physics\PhysicsFramework\ComponentFramework\Vector.h(147,27): warning C4566: character represented by universal-character-name '\u0430' cannot be represented in the current code page (1252)
C:\Users\jreed\OneDrive\Рабочий стол\College\Sem5\Physics\PhysicsFramework\ComponentFramework\Vector.h(147,27): warning C4566: character represented by universal-character-name '\u0431' cannot be represented in the current code page (1252)
C:\Users\jreed\OneDrive\Рабочий стол\College\Sem5\Physics\PhysicsFramework\ComponentFramework\Vector.h(147,27): warning C4566: character represented by universal-character-name '\u043E' cannot be represented in the current code page (1252)
C:\Users\jreed\OneDrive\Рабочий стол\College\Sem5\Physics\PhysicsFramework\ComponentFramework\Vector.h(147,27): warning C4566: character represented by universal-character-name '\u0447' cannot be represented in the current code page (1252)
C:\Users\jreed\OneDrive\Рабочий стол\College\Sem5\Physics\PhysicsFramework\ComponentFramework\Vector.h(147,27): warning C4566: character represented by universal-character-name '\u0438' cannot be represented in the current code page (1252)
C:\Users\jreed\OneDrive\Рабочий стол\College\Sem5\Physics\PhysicsFramework\ComponentFramework\Vector.h(147,27): warning C4566: character represented by universal-character-name '\u0439' cannot be represented in the current code page (1252)
C:\Users\jreed\OneDrive\Рабочий стол\College\Sem5\Physics\PhysicsFramework\ComponentFramework\Vector.h(147,27): warning C4566: character represented by universal-character-name '\u0441' cannot be represented in the current code page (1252)
C:\Users\jreed\OneDrive\Рабочий стол\College\Sem5\Physics\PhysicsFramework\ComponentFramework\Vector.h(147,27): warning C4566: character represented by universal-character-name '\u0442' cannot be represented in the current code page (1252)
C:\Users\jreed\OneDrive\Рабочий стол\College\Sem5\Physics\PhysicsFramework\ComponentFramework\Vector.h(147,27): warning C4566: character represented by universal-character-name '\u043B' cannot be represented in the current code page (1252)
C:\Users\jreed\OneDrive\Рабочий стол\College\Sem5\Physics\PhysicsFramework\ComponentFramework\Vector.h(159,27): warning C4566: character represented by universal-character-name '\u0420' cannot be represented in the current code page (1252)
C:\Users\jreed\OneDrive\Рабочий стол\College\Sem5\Physics\PhysicsFramework\ComponentFramework\Vector.h(159,27): warning C4566: character represented by universal-character-name '\u0430' cannot be represented in the current code page (1252)
C:\Users\jreed\OneDrive\Рабочий стол\College\Sem5\Physics\PhysicsFramework\ComponentFramework\Vector.h(159,27): warning C4566: character represented by universal-character-name '\u0431' cannot be represented in the current code page (1252)
C:\Users\jreed\OneDrive\Рабочий стол\College\Sem5\Physics\PhysicsFramework\ComponentFramework\Vector.h(159,27): warning C4566: character represented by universal-character-name '\u043E' cannot be represented in the current code page (1252)
C:\Users\jreed\OneDrive\Рабочий стол\College\Sem5\Physics\PhysicsFramework\ComponentFramework\Vector.h(159,27): warning C4566: character represented by universal-character-name '\u0447' cannot be represented in the current code page (1252)
C:\Users\jreed\OneDrive\Рабочий стол\College\Sem5\Physics\PhysicsFramework\ComponentFramework\Vector.h(159,27): warning C4566: character represented by universal-character-name '\u0438' cannot be represented in the current code page (1252)
C:\Users\jreed\OneDrive\Рабочий стол\College\Sem5\Physics\PhysicsFramework\ComponentFramework\Vector.h(159,27): warning C4566: character represented by universal-character-name '\u0439' cannot be represented in the current code page (1252)
C:\Users\jreed\OneDrive\Рабочий стол\College\Sem5\Physics\PhysicsFramework\ComponentFramework\Vector.h(159,27): warning C4566: character represented by universal-character-name '\u0441' cannot be represented in the current code page (1252)
C:\Users\jreed\OneDrive\Рабочий стол\College\Sem5\Physics\PhysicsFramework\ComponentFramework\Vector.h(159,27): warning C4566: character represented by universal-character-name '\u0442' cannot be represented in the current code page (1252)
C:\Users\jreed\OneDrive\Рабочий стол\College\Sem5\Physics\PhysicsFramework\ComponentFramework\Vector.h(159,27): warning C4566: character represented by universal-character-name '\u043B' cannot be represented in the current code page (1252)
C:\Users\jreed\OneDrive\Рабочий стол\College\Sem5\Physics\PhysicsFramework\ComponentFramework\Vector.h(314,27): warning C4566: character represented by universal-character-name '\u0420' cannot be represented in the current code page (1252)
C:\Users\jreed\OneDrive\Рабочий стол\College\Sem5\Physics\PhysicsFramework\ComponentFramework\Vector.h(314,27): warning C4566: character represented by universal-character-name '\u0430' cannot be represented in the current code page (1252)
C:\Users\jreed\OneDrive\Рабочий стол\College\Sem5\Physics\PhysicsFramework\ComponentFramework\Vector.h(314,27): warning C4566: character represented by universal-character-name '\u0431' cannot be represented in the current code page (1252)
C:\Users\jreed\OneDrive\Рабочий стол\College\Sem5\Physics\PhysicsFramework\ComponentFramework\Vector.h(314,27): warning C4566: character represented by universal-character-name '\u043E' cannot be represented in the current code page (1252)
C:\Users\jreed\OneDrive\Рабочий стол\College\Sem5\Physics\PhysicsFramework\ComponentFramework\Vector.h(314,27): warning C4566: character represented by universal-character-name '\u0447' cannot be represented in the current code page (1252)
C:\Users\jreed\OneDrive\Рабочий стол\College\Sem5\Physics\PhysicsFramework\ComponentFramework\Vector.h(314,27): warning C4566: character represented by universal-character-name '\u0438' cannot be represented in the current code page (1252)
C:\Users\jreed\OneDrive\Рабочий стол\College\Sem5\Physics\PhysicsFramework\ComponentFramework\Vector.h(314,27): warning C4566: character represented by universal-character-name '\u0439' cannot be represented in the current code page (1252)
C:\Users\jreed\OneDrive\Рабочий стол\College\Sem5\Physics\PhysicsFramework\ComponentFramework\Vector.h(314,27): warning C4566: character represented by universal-character-name '\u0441' cannot be represented in the current code page (1252)
C:\Users\jreed\OneDrive\Рабочий стол\College\Sem5\Physics\PhysicsFramework\ComponentFramework\Vector.h(314,27): warning C4566: character represented by universal-character-name '\u0442' cannot be represented in the current code page (1252)
C:\Users\jreed\OneDrive\Рабочий стол\College\Sem5\Physics\PhysicsFramework\ComponentFramework\Vector.h(314,27): warning C4566: character represented by universal-character-name '\u043B' cannot be represented in the current code page (1252)
  ComponentFramework.vcxproj -> C:\Users\jreed\OneDrive\Рабочий стол\College\Sem5\Physics\PhysicsFramework\Debug\ComponentFramework.exe
